{
  "RSpec": {
    "coverage": {
      "/home/classy-closure-9273/tic-tac-toe-rb-ruby-apply-000/lib/tic_tac_toe.rb": [
        null,
        1,
        null,
        null,
        null,
        null,
        null,
        null,
        null,
        null,
        null,
        1,
        1,
        24,
        24,
        24,
        24,
        24,
        null,
        null,
        1,
        23,
        null,
        null,
        1,
        22,
        null,
        null,
        1,
        27,
        24,
        null,
        null,
        3,
        null,
        null,
        null,
        1,
        23,
        20,
        null,
        3,
        null,
        null,
        null,
        1,
        20,
        20,
        20,
        20,
        19,
        19,
        19,
        null,
        1,
        null,
        null,
        null,
        null,
        1,
        21,
        21,
        189,
        31,
        null,
        null,
        21,
        null,
        null,
        1,
        20,
        20,
        14,
        null,
        6,
        null,
        20,
        null,
        null,
        1,
        62,
        404,
        404,
        404,
        null,
        404,
        404,
        404,
        null,
        404,
        17,
        387,
        6,
        null,
        null,
        39,
        null,
        null,
        1,
        187,
        null,
        null,
        1,
        20,
        4,
        16,
        null,
        null,
        null,
        null,
        1,
        21,
        10,
        11,
        null,
        null,
        null,
        1,
        12,
        12,
        12,
        null,
        null,
        11,
        7,
        null,
        4,
        null,
        null,
        null,
        null,
        null,
        1,
        12,
        17,
        null,
        12,
        5,
        5,
        7,
        3,
        null,
        null
      ]
    },
    "timestamp": 1598378293
  }
}
